<?xml version="1.0" encoding="UTF-8"?>
<Site BuildName="(empty)"
	BuildStamp="20230717-0634-Experimental"
	Name="hchju777"
	Generator="ctest-3.16.3"
	CompilerName="/usr/bin/c++"
	CompilerVersion="9.4.0"
	OSName="Linux"
	Hostname="hchju777"
	OSRelease="5.15.0-76-generic"
	OSVersion="#83~20.04.1-Ubuntu SMP Wed Jun 21 20:23:31 UTC 2023"
	OSPlatform="x86_64"
	Is64Bits="1"
	VendorString="GenuineIntel"
	VendorID="Intel Corporation"
	FamilyID="6"
	ModelID="94"
	ProcessorCacheSize="6144"
	NumberOfLogicalCPU="4"
	NumberOfPhysicalCPU="4"
	TotalVirtualMemory="7999"
	TotalPhysicalMemory="15923"
	LogicalProcessorsPerPhysical="1"
	ProcessorClockFrequency="3617.96"
	>
	<Testing>
		<StartDateTime>Jul 17 15:34 KST</StartDateTime>
		<StartTestTime>1689575656</StartTestTime>
		<TestList/>
		<EndDateTime>Jul 17 15:34 KST</EndDateTime>
		<EndTestTime>1689575656</EndTestTime>
		<ElapsedMinutes>0</ElapsedMinutes>
	</Testing>
</Site>
